INFO 2020-07-08 22:05:02,681 autoreload 598 Watching for file changes with StatReloader
INFO 2020-07-08 22:11:06,642 autoreload 598 Watching for file changes with StatReloader
INFO 2020-07-08 22:11:10,438 basehttp 157 "GET / HTTP/1.1" 200 16351
INFO 2020-07-08 22:16:33,609 autoreload 222 D:\python_project\three\Dango\baizhi\edu_api\edu_api\settings\develop.py changed, reloading.
INFO 2020-07-08 22:16:33,617 autoreload 222 D:\python_project\three\Dango\baizhi\edu_api\edu_api\settings\develop.py changed, reloading.
INFO 2020-07-08 22:16:35,637 autoreload 598 Watching for file changes with StatReloader
INFO 2020-07-08 22:16:35,638 autoreload 598 Watching for file changes with StatReloader
INFO 2020-07-08 23:21:40,427 autoreload 222 D:\python_project\three\Dango\baizhi\edu_api\edu_api\settings\develop.py changed, reloading.
INFO 2020-07-08 23:21:46,004 autoreload 598 Watching for file changes with StatReloader
INFO 2020-07-08 23:21:47,209 autoreload 598 Watching for file changes with StatReloader
INFO 2020-07-08 23:25:44,879 autoreload 222 D:\python_project\three\Dango\baizhi\edu_api\edu_api\settings\develop.py changed, reloading.
INFO 2020-07-08 23:25:44,899 autoreload 222 D:\python_project\three\Dango\baizhi\edu_api\edu_api\settings\develop.py changed, reloading.
INFO 2020-07-08 23:25:46,430 autoreload 598 Watching for file changes with StatReloader
INFO 2020-07-08 23:25:46,430 autoreload 598 Watching for file changes with StatReloader
INFO 2020-07-09 00:01:50,670 autoreload 222 D:\python_project\three\Dango\baizhi\edu_api\edu_api\settings\develop.py changed, reloading.
INFO 2020-07-09 00:01:52,775 autoreload 598 Watching for file changes with StatReloader
INFO 2020-07-09 00:02:49,106 autoreload 222 D:\python_project\three\Dango\baizhi\edu_api\edu_api\settings\__init__.py changed, reloading.
INFO 2020-07-09 00:02:50,537 autoreload 598 Watching for file changes with StatReloader
INFO 2020-07-09 00:02:51,610 autoreload 598 Watching for file changes with StatReloader
INFO 2020-07-09 00:06:41,833 autoreload 222 D:\python_project\three\Dango\baizhi\edu_api\edu_api\settings\develop.py changed, reloading.
INFO 2020-07-09 00:06:41,837 autoreload 222 D:\python_project\three\Dango\baizhi\edu_api\edu_api\settings\develop.py changed, reloading.
INFO 2020-07-09 00:06:44,118 autoreload 598 Watching for file changes with StatReloader
INFO 2020-07-09 00:06:44,117 autoreload 598 Watching for file changes with StatReloader
INFO 2020-07-09 00:07:55,897 autoreload 222 D:\python_project\three\Dango\baizhi\edu_api\edu_api\urls.py changed, reloading.
INFO 2020-07-09 00:07:56,356 autoreload 222 D:\python_project\three\Dango\baizhi\edu_api\edu_api\urls.py changed, reloading.
INFO 2020-07-09 00:07:57,355 autoreload 598 Watching for file changes with StatReloader
INFO 2020-07-09 00:07:57,675 autoreload 598 Watching for file changes with StatReloader
INFO 2020-07-09 00:10:20,866 autoreload 222 D:\python_project\three\Dango\baizhi\edu_api\edu_api\settings\develop.py changed, reloading.
INFO 2020-07-09 00:10:21,441 autoreload 222 D:\python_project\three\Dango\baizhi\edu_api\edu_api\settings\develop.py changed, reloading.
INFO 2020-07-09 00:10:22,466 autoreload 598 Watching for file changes with StatReloader
INFO 2020-07-09 00:10:22,716 autoreload 598 Watching for file changes with StatReloader
INFO 2020-07-09 00:10:50,392 autoreload 222 D:\python_project\three\Dango\baizhi\edu_api\edu_api\settings\develop.py changed, reloading.
INFO 2020-07-09 00:10:50,633 autoreload 222 D:\python_project\three\Dango\baizhi\edu_api\edu_api\settings\develop.py changed, reloading.
INFO 2020-07-09 00:10:52,415 autoreload 598 Watching for file changes with StatReloader
INFO 2020-07-09 00:10:52,524 autoreload 598 Watching for file changes with StatReloader
INFO 2020-07-09 00:11:19,757 autoreload 222 D:\python_project\three\Dango\baizhi\edu_api\edu_api\settings\develop.py changed, reloading.
INFO 2020-07-09 00:11:19,962 autoreload 222 D:\python_project\three\Dango\baizhi\edu_api\edu_api\settings\develop.py changed, reloading.
INFO 2020-07-09 00:11:21,191 autoreload 598 Watching for file changes with StatReloader
INFO 2020-07-09 00:11:21,286 autoreload 598 Watching for file changes with StatReloader
INFO 2020-07-09 00:11:47,030 autoreload 222 D:\python_project\three\Dango\baizhi\edu_api\edu_api\settings\develop.py changed, reloading.
INFO 2020-07-09 00:11:48,141 autoreload 222 D:\python_project\three\Dango\baizhi\edu_api\edu_api\settings\develop.py changed, reloading.
INFO 2020-07-09 00:11:48,703 autoreload 598 Watching for file changes with StatReloader
INFO 2020-07-09 00:11:49,585 autoreload 598 Watching for file changes with StatReloader
INFO 2020-07-09 00:29:20,417 autoreload 598 Watching for file changes with StatReloader
INFO 2020-07-09 00:29:53,631 autoreload 598 Watching for file changes with StatReloader
INFO 2020-07-09 01:08:54,759 autoreload 598 Watching for file changes with StatReloader
INFO 2020-07-09 01:21:18,706 autoreload 598 Watching for file changes with StatReloader
INFO 2020-07-09 01:24:45,412 autoreload 598 Watching for file changes with StatReloader
INFO 2020-07-09 01:29:24,884 autoreload 598 Watching for file changes with StatReloader
INFO 2020-07-09 01:35:24,425 autoreload 598 Watching for file changes with StatReloader
INFO 2020-07-09 01:36:36,600 autoreload 598 Watching for file changes with StatReloader
INFO 2020-07-09 01:41:31,957 autoreload 598 Watching for file changes with StatReloader
INFO 2020-07-09 01:43:11,665 autoreload 598 Watching for file changes with StatReloader
INFO 2020-07-09 01:44:51,754 autoreload 598 Watching for file changes with StatReloader
INFO 2020-07-09 01:49:38,047 autoreload 598 Watching for file changes with StatReloader
INFO 2020-07-09 02:14:40,454 autoreload 598 Watching for file changes with StatReloader
INFO 2020-07-09 02:16:49,203 autoreload 598 Watching for file changes with StatReloader
INFO 2020-07-09 02:17:38,378 autoreload 598 Watching for file changes with StatReloader
INFO 2020-07-09 02:18:30,826 autoreload 598 Watching for file changes with StatReloader
INFO 2020-07-09 02:22:08,186 autoreload 598 Watching for file changes with StatReloader
INFO 2020-07-09 02:24:43,411 autoreload 598 Watching for file changes with StatReloader
INFO 2020-07-09 02:33:10,886 autoreload 598 Watching for file changes with StatReloader
INFO 2020-07-09 02:54:12,588 autoreload 598 Watching for file changes with StatReloader
INFO 2020-07-09 02:58:40,274 autoreload 222 D:\envs\env01\Lib\site-packages\django\apps\registry.py changed, reloading.
INFO 2020-07-09 03:04:47,945 autoreload 598 Watching for file changes with StatReloader
INFO 2020-07-09 03:05:38,580 autoreload 222 D:\envs\env01\Lib\site-packages\django\apps\registry.py changed, reloading.
WARNING 2020-07-09 17:09:02,708 base 93 Not Found: /
WARNING 2020-07-09 17:09:02,727 basehttp 124 "GET / HTTP/1.1" 404 2152
WARNING 2020-07-09 17:09:02,779 base 93 Not Found: /
WARNING 2020-07-09 17:09:02,779 basehttp 124 "GET / HTTP/1.1" 404 2152
WARNING 2020-07-09 17:09:03,074 base 93 Not Found: /favicon.ico
WARNING 2020-07-09 17:09:03,075 basehttp 124 "GET /favicon.ico HTTP/1.1" 404 2203
WARNING 2020-07-09 17:09:03,113 base 93 Not Found: /favicon.ico
WARNING 2020-07-09 17:09:03,114 basehttp 124 "GET /favicon.ico HTTP/1.1" 404 2203
INFO 2020-07-09 17:09:16,357 basehttp 124 "GET /xadmin HTTP/1.1" 301 0
INFO 2020-07-09 17:09:20,698 basehttp 124 "GET /xadmin/ HTTP/1.1" 200 4370
INFO 2020-07-09 17:09:20,740 basehttp 124 "GET /static/xadmin/css/xadmin.plugins.css HTTP/1.1" 200 175
INFO 2020-07-09 17:09:20,758 basehttp 124 "GET /static/xadmin/css/themes/bootstrap-xadmin.css HTTP/1.1" 200 1888
INFO 2020-07-09 17:09:20,767 basehttp 124 "GET /static/xadmin/css/xadmin.main.css HTTP/1.1" 200 8376
INFO 2020-07-09 17:09:20,771 basehttp 124 "GET /static/xadmin/css/xadmin.responsive.css HTTP/1.1" 200 4361
INFO 2020-07-09 17:09:20,778 basehttp 124 "GET /static/xadmin/vendor/font-awesome/css/font-awesome.css HTTP/1.1" 200 21658
INFO 2020-07-09 17:09:20,805 basehttp 124 "GET /static/xadmin/vendor/bootstrap/css/bootstrap.css HTTP/1.1" 200 126432
INFO 2020-07-09 17:09:20,876 basehttp 124 "GET /xadmin/jsi18n/ HTTP/1.1" 200 4377
INFO 2020-07-09 17:09:20,887 basehttp 124 "GET /static/xadmin/vendor/jquery-ui/jquery.ui.widget.js HTTP/1.1" 200 15069
INFO 2020-07-09 17:09:20,899 basehttp 124 "GET /static/xadmin/vendor/jquery-ui/jquery.ui.sortable.js HTTP/1.1" 200 42543
INFO 2020-07-09 17:09:20,907 basehttp 124 "GET /static/xadmin/vendor/jquery-ui/jquery.ui.core.js HTTP/1.1" 200 8195
INFO 2020-07-09 17:09:20,931 basehttp 124 "GET /static/xadmin/vendor/bootstrap/js/bootstrap.js HTTP/1.1" 200 58327
INFO 2020-07-09 17:09:20,935 basehttp 124 "GET /static/xadmin/vendor/jquery-ui/jquery.ui.mouse.js HTTP/1.1" 200 4561
INFO 2020-07-09 17:09:20,940 basehttp 124 "GET /static/xadmin/vendor/jquery/jquery.js HTTP/1.1" 200 240196
INFO 2020-07-09 17:09:20,975 basehttp 124 "GET /static/xadmin/vendor/jquery-ui/jquery.ui.effect.js HTTP/1.1" 200 31918
INFO 2020-07-09 17:09:20,995 basehttp 124 "GET /static/xadmin/js/xadmin.plugin.themes.js HTTP/1.1" 200 3489
INFO 2020-07-09 17:09:20,996 basehttp 124 "GET /static/xadmin/js/xadmin.responsive.js HTTP/1.1" 200 4165
INFO 2020-07-09 17:09:21,002 basehttp 124 "GET /static/xadmin/js/xadmin.main.js HTTP/1.1" 200 3401
INFO 2020-07-09 17:09:21,259 basehttp 124 "GET /static/xadmin/vendor/font-awesome/fonts/fontawesome-webfont.woff?v=4.0.3 HTTP/1.1" 200 44432
INFO 2020-07-09 17:09:38,211 basehttp 124 "POST /xadmin/ HTTP/1.1" 302 0
INFO 2020-07-09 17:09:45,055 basehttp 124 "GET /xadmin/ HTTP/1.1" 200 14803
INFO 2020-07-09 17:09:45,157 basehttp 124 "GET /static/xadmin/js/xadmin.page.dashboard.js HTTP/1.1" 200 3208
INFO 2020-07-09 17:09:45,170 basehttp 124 "GET /static/xadmin/css/xadmin.page.dashboard.css HTTP/1.1" 200 790
INFO 2020-07-09 17:09:45,180 basehttp 124 "GET /static/xadmin/js/xadmin.plugin.portal.js HTTP/1.1" 200 1000
INFO 2020-07-09 17:09:49,140 basehttp 124 "GET /xadmin/jsi18n/ HTTP/1.1" 200 3185
INFO 2020-07-09 17:11:52,348 basehttp 124 "GET /xadmin/ HTTP/1.1" 200 14799
INFO 2020-07-09 17:11:56,508 basehttp 124 "GET /xadmin/jsi18n/ HTTP/1.1" 200 7684
INFO 2020-07-09 17:12:06,253 basehttp 124 "GET /xadmin/home/banner/ HTTP/1.1" 200 24338
ERROR 2020-07-09 17:12:06,353 basehttp 124 "GET /xadmin/home/banner/ HTTP/1.1" 500 59
INFO 2020-07-09 17:12:07,172 basehttp 124 "GET /xadmin/home/banner/ HTTP/1.1" 200 24338
ERROR 2020-07-09 17:12:07,172 basehttp 124 "GET /xadmin/home/banner/ HTTP/1.1" 500 59
INFO 2020-07-09 17:12:07,904 basehttp 124 "GET /xadmin/home/nav/ HTTP/1.1" 200 24901
INFO 2020-07-09 17:12:07,936 basehttp 124 "GET /static/xadmin/js/xadmin.plugin.bookmark.js HTTP/1.1" 200 529
INFO 2020-07-09 17:12:07,943 basehttp 124 "GET /static/xadmin/css/xadmin.form.css HTTP/1.1" 200 3763
INFO 2020-07-09 17:12:08,019 basehttp 124 "GET /static/xadmin/js/xadmin.page.list.js HTTP/1.1" 200 1105
INFO 2020-07-09 17:12:08,032 basehttp 124 "GET /static/xadmin/js/xadmin.plugin.filters.js HTTP/1.1" 200 1990
INFO 2020-07-09 17:12:08,032 basehttp 124 "GET /static/xadmin/js/xadmin.plugin.details.js HTTP/1.1" 200 2319
INFO 2020-07-09 17:12:08,040 basehttp 124 "GET /static/xadmin/js/xadmin.page.form.js HTTP/1.1" 200 1948
INFO 2020-07-09 17:12:11,958 basehttp 124 "GET /xadmin/jsi18n/ HTTP/1.1" 200 7684
INFO 2020-07-09 17:12:19,294 basehttp 124 "GET /xadmin/home/banner/ HTTP/1.1" 200 24338
INFO 2020-07-09 17:12:23,341 basehttp 124 "GET /xadmin/jsi18n/ HTTP/1.1" 200 7684
INFO 2020-07-09 17:12:44,220 basehttp 124 "GET /xadmin/home/nav/ HTTP/1.1" 200 24901
ERROR 2020-07-09 17:12:44,220 basehttp 124 "GET /xadmin/home/nav/ HTTP/1.1" 500 59
INFO 2020-07-09 17:12:45,727 basehttp 124 "GET /xadmin/home/banner/ HTTP/1.1" 200 24338
ERROR 2020-07-09 17:12:45,728 basehttp 124 "GET /xadmin/home/banner/ HTTP/1.1" 500 59
INFO 2020-07-09 17:12:46,712 basehttp 124 "GET /xadmin/home/nav/ HTTP/1.1" 200 24901
ERROR 2020-07-09 17:12:46,713 basehttp 124 "GET /xadmin/home/nav/ HTTP/1.1" 500 59
INFO 2020-07-09 17:12:46,990 basehttp 124 "GET /xadmin/home/nav/ HTTP/1.1" 200 24901
INFO 2020-07-09 17:12:51,053 basehttp 124 "GET /xadmin/jsi18n/ HTTP/1.1" 200 7684
INFO 2020-07-09 17:13:13,224 basehttp 124 "GET /xadmin/auth/user/ HTTP/1.1" 200 34347
ERROR 2020-07-09 17:13:13,225 basehttp 124 "GET /xadmin/auth/user/ HTTP/1.1" 500 59
INFO 2020-07-09 17:13:13,678 basehttp 124 "GET /xadmin/auth/user/ HTTP/1.1" 200 34347
ERROR 2020-07-09 17:13:13,679 basehttp 124 "GET /xadmin/auth/user/ HTTP/1.1" 500 59
INFO 2020-07-09 17:13:16,258 basehttp 124 "GET /xadmin/auth/user/ HTTP/1.1" 200 34347
ERROR 2020-07-09 17:13:16,263 basehttp 124 "GET /xadmin/auth/user/ HTTP/1.1" 500 59
INFO 2020-07-09 17:13:16,354 basehttp 124 "GET /xadmin/auth/user/ HTTP/1.1" 200 34347
ERROR 2020-07-09 17:13:16,356 basehttp 124 "GET /xadmin/auth/user/ HTTP/1.1" 500 59
INFO 2020-07-09 17:13:20,596 basehttp 124 "GET /xadmin/auth/permission/ HTTP/1.1" 200 89686
ERROR 2020-07-09 17:13:20,597 basehttp 124 "GET /xadmin/auth/permission/ HTTP/1.1" 500 59
INFO 2020-07-09 17:13:22,152 basehttp 124 "GET /xadmin/auth/permission/ HTTP/1.1" 200 89686
ERROR 2020-07-09 17:13:22,156 basehttp 124 "GET /xadmin/auth/permission/ HTTP/1.1" 500 59
INFO 2020-07-09 17:13:22,298 basehttp 124 "GET /xadmin/auth/permission/ HTTP/1.1" 200 89686
ERROR 2020-07-09 17:13:22,299 basehttp 124 "GET /xadmin/auth/permission/ HTTP/1.1" 500 59
INFO 2020-07-09 17:13:23,045 basehttp 124 "GET /xadmin/auth/permission/ HTTP/1.1" 200 89686
ERROR 2020-07-09 17:13:23,052 basehttp 124 "GET /xadmin/auth/permission/ HTTP/1.1" 500 59
INFO 2020-07-09 17:13:23,309 basehttp 124 "GET /xadmin/auth/permission/ HTTP/1.1" 200 89686
ERROR 2020-07-09 17:13:23,312 basehttp 124 "GET /xadmin/auth/permission/ HTTP/1.1" 500 59
INFO 2020-07-09 17:13:23,419 basehttp 124 "GET /xadmin/auth/permission/ HTTP/1.1" 200 89686
ERROR 2020-07-09 17:13:23,420 basehttp 124 "GET /xadmin/auth/permission/ HTTP/1.1" 500 59
INFO 2020-07-09 17:13:23,917 basehttp 124 "GET /xadmin/auth/group/ HTTP/1.1" 200 24007
ERROR 2020-07-09 17:13:23,918 basehttp 124 "GET /xadmin/auth/group/ HTTP/1.1" 500 59
INFO 2020-07-09 17:13:24,526 basehttp 124 "GET /xadmin/auth/group/ HTTP/1.1" 200 24007
ERROR 2020-07-09 17:13:24,527 basehttp 124 "GET /xadmin/auth/group/ HTTP/1.1" 500 59
INFO 2020-07-09 17:13:25,124 basehttp 124 "GET /xadmin/auth/group/ HTTP/1.1" 200 24007
ERROR 2020-07-09 17:13:25,125 basehttp 124 "GET /xadmin/auth/group/ HTTP/1.1" 500 59
INFO 2020-07-09 17:13:27,957 basehttp 124 "GET /xadmin/auth/group/ HTTP/1.1" 200 24007
ERROR 2020-07-09 17:13:27,958 basehttp 124 "GET /xadmin/auth/group/ HTTP/1.1" 500 59
INFO 2020-07-09 17:13:28,177 basehttp 124 "GET /xadmin/auth/group/ HTTP/1.1" 200 24007
ERROR 2020-07-09 17:13:28,178 basehttp 124 "GET /xadmin/auth/group/ HTTP/1.1" 500 59
INFO 2020-07-09 17:13:28,873 basehttp 124 "GET /xadmin/auth/user/ HTTP/1.1" 200 34347
ERROR 2020-07-09 17:13:28,881 basehttp 124 "GET /xadmin/auth/user/ HTTP/1.1" 500 59
INFO 2020-07-09 17:13:28,966 basehttp 124 "GET /xadmin/auth/user/ HTTP/1.1" 200 34347
ERROR 2020-07-09 17:13:28,967 basehttp 124 "GET /xadmin/auth/user/ HTTP/1.1" 500 59
INFO 2020-07-09 17:13:29,275 basehttp 124 "GET /xadmin/auth/user/ HTTP/1.1" 200 34347
ERROR 2020-07-09 17:13:29,276 basehttp 124 "GET /xadmin/auth/user/ HTTP/1.1" 500 59
INFO 2020-07-09 17:13:29,449 basehttp 124 "GET /xadmin/auth/user/ HTTP/1.1" 200 34347
ERROR 2020-07-09 17:13:29,450 basehttp 124 "GET /xadmin/auth/user/ HTTP/1.1" 500 59
INFO 2020-07-09 17:13:29,695 basehttp 124 "GET /xadmin/auth/user/ HTTP/1.1" 200 34347
ERROR 2020-07-09 17:13:29,696 basehttp 124 "GET /xadmin/auth/user/ HTTP/1.1" 500 59
INFO 2020-07-09 17:13:29,883 basehttp 124 "GET /xadmin/auth/user/ HTTP/1.1" 200 34347
ERROR 2020-07-09 17:13:29,884 basehttp 124 "GET /xadmin/auth/user/ HTTP/1.1" 500 59
INFO 2020-07-09 17:13:30,938 basehttp 124 "GET /xadmin/auth/permission/ HTTP/1.1" 200 89686
ERROR 2020-07-09 17:13:30,944 basehttp 124 "GET /xadmin/auth/permission/ HTTP/1.1" 500 59
INFO 2020-07-09 17:13:31,102 basehttp 124 "GET /xadmin/auth/permission/ HTTP/1.1" 200 89686
ERROR 2020-07-09 17:13:31,106 basehttp 124 "GET /xadmin/auth/permission/ HTTP/1.1" 500 59
INFO 2020-07-09 17:13:31,635 basehttp 124 "GET /xadmin/auth/permission/ HTTP/1.1" 200 89686
ERROR 2020-07-09 17:13:31,639 basehttp 124 "GET /xadmin/auth/permission/ HTTP/1.1" 500 59
INFO 2020-07-09 17:13:31,755 basehttp 124 "GET /xadmin/auth/permission/ HTTP/1.1" 200 89686
ERROR 2020-07-09 17:13:31,761 basehttp 124 "GET /xadmin/auth/permission/ HTTP/1.1" 500 59
INFO 2020-07-09 17:13:32,301 basehttp 124 "GET /xadmin/auth/permission/ HTTP/1.1" 200 89686
ERROR 2020-07-09 17:13:32,304 basehttp 124 "GET /xadmin/auth/permission/ HTTP/1.1" 500 59
INFO 2020-07-09 17:13:32,340 basehttp 124 "GET /xadmin/auth/permission/ HTTP/1.1" 200 89686
ERROR 2020-07-09 17:13:32,343 basehttp 124 "GET /xadmin/auth/permission/ HTTP/1.1" 500 59
INFO 2020-07-09 17:13:32,376 basehttp 124 "GET /xadmin/auth/permission/ HTTP/1.1" 200 89686
INFO 2020-07-09 17:13:32,447 basehttp 124 "GET /static/xadmin/js/xadmin.plugin.actions.js HTTP/1.1" 200 4198
INFO 2020-07-09 17:13:36,438 basehttp 124 "GET /xadmin/jsi18n/ HTTP/1.1" 200 7684
INFO 2020-07-09 17:13:54,338 basehttp 124 "GET /xadmin/auth/user/ HTTP/1.1" 200 34347
INFO 2020-07-09 17:13:58,397 basehttp 124 "GET /xadmin/jsi18n/ HTTP/1.1" 200 7684
INFO 2020-07-09 17:14:47,059 basehttp 124 "GET /xadmin/auth/user/1/update/ HTTP/1.1" 200 28647
INFO 2020-07-09 17:14:47,124 basehttp 124 "GET /static/xadmin/vendor/bootstrap-datepicker/css/datepicker.css HTTP/1.1" 200 10225
INFO 2020-07-09 17:14:47,125 basehttp 124 "GET /static/xadmin/vendor/bootstrap-datepicker/js/bootstrap-datepicker.js HTTP/1.1" 200 32656
INFO 2020-07-09 17:14:47,130 basehttp 124 "GET /static/xadmin/vendor/bootstrap-clockpicker/bootstrap-clockpicker.css HTTP/1.1" 200 3729
INFO 2020-07-09 17:14:47,130 basehttp 124 "GET /static/xadmin/css/xadmin.widget.select-transfer.css HTTP/1.1" 200 2317
INFO 2020-07-09 17:14:47,145 basehttp 124 "GET /static/xadmin/js/xadmin.plugin.quick-form.js HTTP/1.1" 200 7546
INFO 2020-07-09 17:14:47,156 basehttp 124 "GET /static/xadmin/vendor/bootstrap-clockpicker/bootstrap-clockpicker.js HTTP/1.1" 200 21112
INFO 2020-07-09 17:14:47,171 basehttp 124 "GET /static/xadmin/js/xadmin.widget.select-transfer.js HTTP/1.1" 200 8214
INFO 2020-07-09 17:14:47,172 basehttp 124 "GET /static/xadmin/js/xadmin.widget.datetime.js HTTP/1.1" 200 2979
INFO 2020-07-09 17:14:51,243 basehttp 124 "GET /xadmin/jsi18n/ HTTP/1.1" 200 7684
INFO 2020-07-09 17:25:26,237 basehttp 124 "GET /xadmin/home/banner/ HTTP/1.1" 200 24338
ERROR 2020-07-09 17:25:26,238 basehttp 124 "GET /xadmin/home/banner/ HTTP/1.1" 500 59
INFO 2020-07-09 17:25:27,944 basehttp 124 "GET /xadmin/home/banner/ HTTP/1.1" 200 24338
ERROR 2020-07-09 17:25:27,945 basehttp 124 "GET /xadmin/home/banner/ HTTP/1.1" 500 59
INFO 2020-07-09 17:25:27,986 basehttp 124 "GET /xadmin/home/banner/ HTTP/1.1" 200 24338
INFO 2020-07-09 17:25:32,045 basehttp 124 "GET /xadmin/jsi18n/ HTTP/1.1" 200 7684
INFO 2020-07-09 17:25:38,293 basehttp 124 "GET /xadmin/home/banner/add/ HTTP/1.1" 200 19874
INFO 2020-07-09 17:25:38,385 basehttp 124 "GET /static/xadmin/vendor/bootstrap-image-gallery/js/bootstrap-image-gallery.js HTTP/1.1" 200 15611
INFO 2020-07-09 17:25:38,390 basehttp 124 "GET /static/xadmin/vendor/load-image/load-image.js HTTP/1.1" 200 8309
INFO 2020-07-09 17:25:38,400 basehttp 124 "GET /static/xadmin/vendor/bootstrap-image-gallery/css/bootstrap-image-gallery.css HTTP/1.1" 200 3339
INFO 2020-07-09 17:25:42,377 basehttp 124 "GET /xadmin/jsi18n/ HTTP/1.1" 200 7684
ERROR 2020-07-09 17:30:57,652 exception 118 Internal Server Error: /xadmin/home/banner/add/
Traceback (most recent call last):
  File "D:\envs\env01\lib\site-packages\django\core\handlers\exception.py", line 35, in inner
    response = get_response(request)
  File "D:\envs\env01\lib\site-packages\django\core\handlers\base.py", line 128, in _get_response
    response = self.process_exception_by_middleware(e, request)
  File "D:\envs\env01\lib\site-packages\django\core\handlers\base.py", line 126, in _get_response
    response = wrapped_callback(request, *callback_args, **callback_kwargs)
  File "D:\envs\env01\lib\site-packages\xadmin\sites.py", line 300, in wrapper
    return self.admin_view(view, cacheable)(*args, **kwargs)
  File "D:\envs\env01\lib\site-packages\django\views\decorators\cache.py", line 44, in _wrapped_view_func
    response = view_func(request, *args, **kwargs)
  File "D:\envs\env01\lib\site-packages\xadmin\sites.py", line 208, in inner
    return view(request, *args, **kwargs)
  File "D:\envs\env01\lib\site-packages\xadmin\views\base.py", line 282, in view
    return handler(request, *args, **kwargs)
  File "D:\envs\env01\lib\site-packages\django\utils\decorators.py", line 62, in _wrapper
    return bound_func(*args, **kwargs)
  File "D:\envs\env01\lib\site-packages\django\utils\decorators.py", line 142, in _wrapped_view
    response = view_func(request, *args, **kwargs)
  File "D:\envs\env01\lib\site-packages\django\utils\decorators.py", line 58, in bound_func
    return func.__get__(self, type(self))(*args2, **kwargs2)
  File "c:\users\lenovo\appdata\local\programs\python\python36\lib\contextlib.py", line 52, in inner
    return func(*args, **kwds)
  File "D:\envs\env01\lib\site-packages\xadmin\views\base.py", line 80, in method
    return filter_chain(filters, len(filters) - 1, _inner_method, *args, **kwargs)
  File "D:\envs\env01\lib\site-packages\xadmin\views\base.py", line 49, in filter_chain
    return func()
  File "D:\envs\env01\lib\site-packages\xadmin\views\base.py", line 74, in _inner_method
    return func(self, *args, **kwargs)
  File "D:\envs\env01\lib\site-packages\xadmin\views\edit.py", line 292, in post
    self.save_models()
  File "D:\envs\env01\lib\site-packages\xadmin\views\base.py", line 80, in method
    return filter_chain(filters, len(filters) - 1, _inner_method, *args, **kwargs)
  File "D:\envs\env01\lib\site-packages\xadmin\views\base.py", line 49, in filter_chain
    return func()
  File "D:\envs\env01\lib\site-packages\xadmin\views\base.py", line 74, in _inner_method
    return func(self, *args, **kwargs)
  File "D:\envs\env01\lib\site-packages\xadmin\views\edit.py", line 267, in save_models
    self.new_obj.save()
  File "D:\envs\env01\lib\site-packages\django\db\models\base.py", line 729, in save
    force_update=force_update, update_fields=update_fields)
  File "D:\envs\env01\lib\site-packages\django\db\models\base.py", line 759, in save_base
    updated = self._save_table(raw, cls, force_insert, force_update, using, update_fields)
  File "D:\envs\env01\lib\site-packages\django\db\models\base.py", line 842, in _save_table
    result = self._do_insert(cls._base_manager, using, fields, update_pk, raw)
  File "D:\envs\env01\lib\site-packages\django\db\models\base.py", line 880, in _do_insert
    using=using, raw=raw)
  File "D:\envs\env01\lib\site-packages\django\db\models\manager.py", line 82, in manager_method
    return getattr(self.get_queryset(), name)(*args, **kwargs)
  File "D:\envs\env01\lib\site-packages\django\db\models\query.py", line 1125, in _insert
    return query.get_compiler(using=using).execute_sql(return_id)
  File "D:\envs\env01\lib\site-packages\django\db\models\sql\compiler.py", line 1284, in execute_sql
    for sql, params in self.as_sql():
  File "D:\envs\env01\lib\site-packages\django\db\models\sql\compiler.py", line 1237, in as_sql
    for obj in self.query.objs
  File "D:\envs\env01\lib\site-packages\django\db\models\sql\compiler.py", line 1237, in <listcomp>
    for obj in self.query.objs
  File "D:\envs\env01\lib\site-packages\django\db\models\sql\compiler.py", line 1236, in <listcomp>
    [self.prepare_value(field, self.pre_save_val(field, obj)) for field in fields]
  File "D:\envs\env01\lib\site-packages\django\db\models\sql\compiler.py", line 1186, in pre_save_val
    return field.pre_save(obj, add=True)
  File "D:\envs\env01\lib\site-packages\django\db\models\fields\files.py", line 287, in pre_save
    file.save(file.name, file.file, save=False)
  File "D:\envs\env01\lib\site-packages\django\db\models\fields\files.py", line 87, in save
    self.name = self.storage.save(name, content, max_length=self.field.max_length)
  File "D:\envs\env01\lib\site-packages\django\core\files\storage.py", line 49, in save
    return self._save(name, content)
  File "D:\envs\env01\lib\site-packages\django\core\files\storage.py", line 236, in _save
    os.makedirs(directory)
  File "c:\users\lenovo\appdata\local\programs\python\python36\lib\os.py", line 210, in makedirs
    makedirs(head, mode, exist_ok)
  File "c:\users\lenovo\appdata\local\programs\python\python36\lib\os.py", line 210, in makedirs
    makedirs(head, mode, exist_ok)
  File "c:\users\lenovo\appdata\local\programs\python\python36\lib\os.py", line 210, in makedirs
    makedirs(head, mode, exist_ok)
  [Previous line repeated 3 more times]
  File "c:\users\lenovo\appdata\local\programs\python\python36\lib\os.py", line 220, in makedirs
    mkdir(name, mode)
OSError: [WinError 123] 文件名、目录名或卷标语法不正确。: 'D:\\python_project\\three\\Dango\\baizhi\\edu_api\\edu_api\\medpip install https:'
ERROR 2020-07-09 17:30:58,150 basehttp 124 "POST /xadmin/home/banner/add/ HTTP/1.1" 500 246757
INFO 2020-07-09 17:37:14,128 basehttp 124 "GET /xadmin/home/banner/add/ HTTP/1.1" 200 19874
ERROR 2020-07-09 17:37:36,380 exception 118 Internal Server Error: /xadmin/home/banner/add/
Traceback (most recent call last):
  File "D:\envs\env01\lib\site-packages\django\core\handlers\exception.py", line 35, in inner
    response = get_response(request)
  File "D:\envs\env01\lib\site-packages\django\core\handlers\base.py", line 128, in _get_response
    response = self.process_exception_by_middleware(e, request)
  File "D:\envs\env01\lib\site-packages\django\core\handlers\base.py", line 126, in _get_response
    response = wrapped_callback(request, *callback_args, **callback_kwargs)
  File "D:\envs\env01\lib\site-packages\xadmin\sites.py", line 300, in wrapper
    return self.admin_view(view, cacheable)(*args, **kwargs)
  File "D:\envs\env01\lib\site-packages\django\views\decorators\cache.py", line 44, in _wrapped_view_func
    response = view_func(request, *args, **kwargs)
  File "D:\envs\env01\lib\site-packages\xadmin\sites.py", line 208, in inner
    return view(request, *args, **kwargs)
  File "D:\envs\env01\lib\site-packages\xadmin\views\base.py", line 282, in view
    return handler(request, *args, **kwargs)
  File "D:\envs\env01\lib\site-packages\django\utils\decorators.py", line 62, in _wrapper
    return bound_func(*args, **kwargs)
  File "D:\envs\env01\lib\site-packages\django\utils\decorators.py", line 142, in _wrapped_view
    response = view_func(request, *args, **kwargs)
  File "D:\envs\env01\lib\site-packages\django\utils\decorators.py", line 58, in bound_func
    return func.__get__(self, type(self))(*args2, **kwargs2)
  File "c:\users\lenovo\appdata\local\programs\python\python36\lib\contextlib.py", line 52, in inner
    return func(*args, **kwds)
  File "D:\envs\env01\lib\site-packages\xadmin\views\base.py", line 80, in method
    return filter_chain(filters, len(filters) - 1, _inner_method, *args, **kwargs)
  File "D:\envs\env01\lib\site-packages\xadmin\views\base.py", line 49, in filter_chain
    return func()
  File "D:\envs\env01\lib\site-packages\xadmin\views\base.py", line 74, in _inner_method
    return func(self, *args, **kwargs)
  File "D:\envs\env01\lib\site-packages\xadmin\views\edit.py", line 292, in post
    self.save_models()
  File "D:\envs\env01\lib\site-packages\xadmin\views\base.py", line 80, in method
    return filter_chain(filters, len(filters) - 1, _inner_method, *args, **kwargs)
  File "D:\envs\env01\lib\site-packages\xadmin\views\base.py", line 49, in filter_chain
    return func()
  File "D:\envs\env01\lib\site-packages\xadmin\views\base.py", line 74, in _inner_method
    return func(self, *args, **kwargs)
  File "D:\envs\env01\lib\site-packages\xadmin\views\edit.py", line 267, in save_models
    self.new_obj.save()
  File "D:\envs\env01\lib\site-packages\django\db\models\base.py", line 729, in save
    force_update=force_update, update_fields=update_fields)
  File "D:\envs\env01\lib\site-packages\django\db\models\base.py", line 759, in save_base
    updated = self._save_table(raw, cls, force_insert, force_update, using, update_fields)
  File "D:\envs\env01\lib\site-packages\django\db\models\base.py", line 842, in _save_table
    result = self._do_insert(cls._base_manager, using, fields, update_pk, raw)
  File "D:\envs\env01\lib\site-packages\django\db\models\base.py", line 880, in _do_insert
    using=using, raw=raw)
  File "D:\envs\env01\lib\site-packages\django\db\models\manager.py", line 82, in manager_method
    return getattr(self.get_queryset(), name)(*args, **kwargs)
  File "D:\envs\env01\lib\site-packages\django\db\models\query.py", line 1125, in _insert
    return query.get_compiler(using=using).execute_sql(return_id)
  File "D:\envs\env01\lib\site-packages\django\db\models\sql\compiler.py", line 1284, in execute_sql
    for sql, params in self.as_sql():
  File "D:\envs\env01\lib\site-packages\django\db\models\sql\compiler.py", line 1237, in as_sql
    for obj in self.query.objs
  File "D:\envs\env01\lib\site-packages\django\db\models\sql\compiler.py", line 1237, in <listcomp>
    for obj in self.query.objs
  File "D:\envs\env01\lib\site-packages\django\db\models\sql\compiler.py", line 1236, in <listcomp>
    [self.prepare_value(field, self.pre_save_val(field, obj)) for field in fields]
  File "D:\envs\env01\lib\site-packages\django\db\models\sql\compiler.py", line 1186, in pre_save_val
    return field.pre_save(obj, add=True)
  File "D:\envs\env01\lib\site-packages\django\db\models\fields\files.py", line 287, in pre_save
    file.save(file.name, file.file, save=False)
  File "D:\envs\env01\lib\site-packages\django\db\models\fields\files.py", line 87, in save
    self.name = self.storage.save(name, content, max_length=self.field.max_length)
  File "D:\envs\env01\lib\site-packages\django\core\files\storage.py", line 49, in save
    return self._save(name, content)
  File "D:\envs\env01\lib\site-packages\django\core\files\storage.py", line 236, in _save
    os.makedirs(directory)
  File "c:\users\lenovo\appdata\local\programs\python\python36\lib\os.py", line 210, in makedirs
    makedirs(head, mode, exist_ok)
  File "c:\users\lenovo\appdata\local\programs\python\python36\lib\os.py", line 210, in makedirs
    makedirs(head, mode, exist_ok)
  File "c:\users\lenovo\appdata\local\programs\python\python36\lib\os.py", line 210, in makedirs
    makedirs(head, mode, exist_ok)
  [Previous line repeated 3 more times]
  File "c:\users\lenovo\appdata\local\programs\python\python36\lib\os.py", line 220, in makedirs
    mkdir(name, mode)
OSError: [WinError 123] 文件名、目录名或卷标语法不正确。: 'D:\\python_project\\three\\Dango\\baizhi\\edu_api\\edu_api\\medpip install https:'
ERROR 2020-07-09 17:37:36,478 basehttp 124 "POST /xadmin/home/banner/add/ HTTP/1.1" 500 246727
INFO 2020-07-09 17:41:04,709 basehttp 124 "GET /xadmin/home/banner/add/ HTTP/1.1" 200 19874
INFO 2020-07-09 17:41:08,907 basehttp 124 "GET /xadmin/jsi18n/ HTTP/1.1" 200 7684
INFO 2020-07-09 17:41:26,637 basehttp 124 "POST /xadmin/home/banner/add/ HTTP/1.1" 302 0
INFO 2020-07-09 17:41:30,759 basehttp 124 "GET /xadmin/home/banner/add/ HTTP/1.1" 200 20220
INFO 2020-07-09 17:41:34,835 basehttp 124 "GET /xadmin/jsi18n/ HTTP/1.1" 200 7684
INFO 2020-07-09 17:43:47,333 basehttp 124 "POST /xadmin/home/banner/add/ HTTP/1.1" 302 0
INFO 2020-07-09 17:43:51,457 basehttp 124 "GET /xadmin/home/banner/add/ HTTP/1.1" 200 20226
INFO 2020-07-09 17:43:55,530 basehttp 124 "GET /xadmin/jsi18n/ HTTP/1.1" 200 7684
INFO 2020-07-09 17:44:44,762 basehttp 124 "POST /xadmin/home/banner/add/ HTTP/1.1" 302 0
INFO 2020-07-09 17:44:48,991 basehttp 124 "GET /xadmin/home/banner/ HTTP/1.1" 200 29555
INFO 2020-07-09 17:44:53,045 basehttp 124 "GET /xadmin/jsi18n/ HTTP/1.1" 200 7684
INFO 2020-07-09 17:46:03,833 basehttp 124 "GET /xadmin/home/banner/3/update/ HTTP/1.1" 200 20365
INFO 2020-07-09 17:46:04,048 basehttp 124 "GET /media/banner/03_7x5deIC.png HTTP/1.1" 200 745382
INFO 2020-07-09 17:46:07,890 basehttp 124 "GET /xadmin/jsi18n/ HTTP/1.1" 200 7684
INFO 2020-07-09 17:46:57,943 basehttp 124 "GET /xadmin/home/banner/ HTTP/1.1" 200 29260
INFO 2020-07-09 17:47:01,982 basehttp 124 "GET /xadmin/jsi18n/ HTTP/1.1" 200 7684
INFO 2020-07-09 17:47:18,362 basehttp 124 "GET /xadmin/home/banner/?_do_=export&export_type=xls&export_xls_header=on&all=on HTTP/1.1" 200 5632
WARNING 2020-07-09 17:50:26,090 base 93 Not Found: /
WARNING 2020-07-09 17:50:26,092 basehttp 124 "GET / HTTP/1.1" 404 2152
INFO 2020-07-09 17:50:56,250 basehttp 124 "GET /home/banner/ HTTP/1.1" 200 6119
INFO 2020-07-09 17:50:56,304 basehttp 124 "GET /static/rest_framework/css/prettify.css HTTP/1.1" 200 817
INFO 2020-07-09 17:50:56,370 basehttp 124 "GET /static/rest_framework/css/default.css HTTP/1.1" 200 1131
INFO 2020-07-09 17:50:56,379 basehttp 124 "GET /static/rest_framework/css/bootstrap.min.css HTTP/1.1" 200 121457
INFO 2020-07-09 17:50:56,391 basehttp 124 "GET /static/rest_framework/js/csrf.js HTTP/1.1" 200 1719
INFO 2020-07-09 17:50:56,403 basehttp 124 "GET /static/rest_framework/js/ajax-form.js HTTP/1.1" 200 3597
INFO 2020-07-09 17:50:56,419 basehttp 124 "GET /static/rest_framework/css/bootstrap-tweaks.css HTTP/1.1" 200 3385
INFO 2020-07-09 17:50:56,433 basehttp 124 "GET /static/rest_framework/js/bootstrap.min.js HTTP/1.1" 200 37608
INFO 2020-07-09 17:50:56,473 basehttp 124 "GET /static/rest_framework/js/jquery-3.4.1.min.js HTTP/1.1" 200 88145
INFO 2020-07-09 17:50:56,482 basehttp 124 "GET /static/rest_framework/js/prettify-min.js HTTP/1.1" 200 13632
INFO 2020-07-09 17:50:56,489 basehttp 124 "GET /static/rest_framework/js/default.js HTTP/1.1" 200 1268
INFO 2020-07-09 17:50:56,496 basehttp 124 "GET /static/rest_framework/img/grid.png HTTP/1.1" 200 1458
INFO 2020-07-09 17:51:16,691 basehttp 124 "GET /media/banner/03_7x5deIC.png HTTP/1.1" 304 0
INFO 2020-07-09 17:51:22,460 basehttp 124 "GET /media/banner/02_FwjMp9M.png HTTP/1.1" 200 364808
INFO 2020-07-09 17:51:24,892 basehttp 124 "GET /media/banner/01_Any8Ly9.png HTTP/1.1" 200 737783
INFO 2020-07-09 18:02:14,051 basehttp 124 "GET /home/banner/ HTTP/1.1" 200 258
INFO 2020-07-09 18:02:14,070 basehttp 124 "GET /media/banner/02_FwjMp9M.png HTTP/1.1" 304 0
INFO 2020-07-09 18:02:14,071 basehttp 124 "GET /media/banner/01_Any8Ly9.png HTTP/1.1" 304 0
INFO 2020-07-09 18:02:14,071 basehttp 124 "GET /media/banner/03_7x5deIC.png HTTP/1.1" 304 0
INFO 2020-07-09 18:08:03,183 basehttp 124 "GET /home/banner/ HTTP/1.1" 200 258
INFO 2020-07-09 18:08:03,204 basehttp 124 "GET /media/banner/02_FwjMp9M.png HTTP/1.1" 304 0
INFO 2020-07-09 18:08:03,206 basehttp 124 "GET /media/banner/03_7x5deIC.png HTTP/1.1" 304 0
INFO 2020-07-09 18:08:03,207 basehttp 124 "GET /media/banner/01_Any8Ly9.png HTTP/1.1" 304 0
WARNING 2020-07-09 18:35:50,870 base 93 Not Found: /
WARNING 2020-07-09 18:35:50,883 basehttp 124 "GET / HTTP/1.1" 404 2152
INFO 2020-07-09 18:36:43,899 basehttp 124 "GET /xadmin/home/banner/3/update/ HTTP/1.1" 200 18734
INFO 2020-07-09 18:36:43,919 basehttp 124 "GET /xadmin/home/banner/ HTTP/1.1" 200 27676
INFO 2020-07-09 18:36:43,942 basehttp 124 "GET /static/xadmin/vendor/bootstrap/css/bootstrap.css HTTP/1.1" 304 0
INFO 2020-07-09 18:36:43,949 basehttp 124 "GET /static/xadmin/css/themes/bootstrap-xadmin.css HTTP/1.1" 304 0
INFO 2020-07-09 18:36:43,950 basehttp 124 "GET /static/xadmin/vendor/font-awesome/css/font-awesome.css HTTP/1.1" 304 0
INFO 2020-07-09 18:36:43,951 basehttp 124 "GET /static/xadmin/css/xadmin.main.css HTTP/1.1" 304 0
INFO 2020-07-09 18:36:43,954 basehttp 124 "GET /static/xadmin/css/xadmin.plugins.css HTTP/1.1" 304 0
INFO 2020-07-09 18:36:43,964 basehttp 124 "GET /static/xadmin/vendor/bootstrap-image-gallery/css/bootstrap-image-gallery.css HTTP/1.1" 304 0
INFO 2020-07-09 18:36:43,965 basehttp 124 "GET /static/xadmin/css/xadmin.form.css HTTP/1.1" 304 0
INFO 2020-07-09 18:36:43,968 basehttp 124 "GET /static/xadmin/css/xadmin.responsive.css HTTP/1.1" 304 0
INFO 2020-07-09 18:36:43,968 basehttp 124 "GET /static/xadmin/vendor/jquery/jquery.js HTTP/1.1" 304 0
ERROR 2020-07-09 18:36:44,008 basehttp 124 "GET /xadmin/home/banner/ HTTP/1.1" 500 59
INFO 2020-07-09 18:36:44,226 basehttp 124 "GET /static/xadmin/vendor/jquery-ui/jquery.ui.core.js HTTP/1.1" 304 0
INFO 2020-07-09 18:36:44,235 basehttp 124 "GET /static/xadmin/vendor/jquery-ui/jquery.ui.widget.js HTTP/1.1" 304 0
INFO 2020-07-09 18:36:44,259 basehttp 124 "GET /static/xadmin/vendor/jquery-ui/jquery.ui.mouse.js HTTP/1.1" 304 0
INFO 2020-07-09 18:36:44,277 basehttp 124 "GET /static/xadmin/vendor/jquery-ui/jquery.ui.sortable.js HTTP/1.1" 304 0
INFO 2020-07-09 18:36:44,293 basehttp 124 "GET /static/xadmin/vendor/bootstrap/js/bootstrap.js HTTP/1.1" 304 0
INFO 2020-07-09 18:36:44,308 basehttp 124 "GET /static/xadmin/js/xadmin.main.js HTTP/1.1" 304 0
INFO 2020-07-09 18:36:44,315 basehttp 124 "GET /static/xadmin/js/xadmin.responsive.js HTTP/1.1" 304 0
INFO 2020-07-09 18:36:44,328 basehttp 124 "GET /static/xadmin/vendor/jquery-ui/jquery.ui.effect.js HTTP/1.1" 304 0
INFO 2020-07-09 18:36:44,357 basehttp 124 "GET /static/xadmin/js/xadmin.plugin.themes.js HTTP/1.1" 304 0
INFO 2020-07-09 18:36:44,367 basehttp 124 "GET /static/xadmin/vendor/load-image/load-image.js HTTP/1.1" 304 0
INFO 2020-07-09 18:36:44,373 basehttp 124 "GET /static/xadmin/vendor/bootstrap-image-gallery/js/bootstrap-image-gallery.js HTTP/1.1" 304 0
INFO 2020-07-09 18:36:44,379 basehttp 124 "GET /static/xadmin/js/xadmin.plugin.portal.js HTTP/1.1" 304 0
INFO 2020-07-09 18:36:44,385 basehttp 124 "GET /static/xadmin/js/xadmin.page.form.js HTTP/1.1" 304 0
INFO 2020-07-09 18:36:44,413 basehttp 124 "GET /media/banner/03_7x5deIC.png HTTP/1.1" 304 0
INFO 2020-07-09 18:36:48,118 basehttp 124 "GET /xadmin/jsi18n/ HTTP/1.1" 200 7684
INFO 2020-07-09 18:36:48,137 basehttp 124 "GET /static/xadmin/vendor/font-awesome/fonts/fontawesome-webfont.woff?v=4.0.3 HTTP/1.1" 304 0
INFO 2020-07-09 18:37:54,097 basehttp 124 "POST /xadmin/home/banner/3/update/ HTTP/1.1" 302 0
INFO 2020-07-09 18:37:58,411 basehttp 124 "GET /xadmin/home/banner/add/ HTTP/1.1" 200 18523
INFO 2020-07-09 18:38:02,477 basehttp 124 "GET /xadmin/jsi18n/ HTTP/1.1" 200 7684
INFO 2020-07-09 18:38:40,910 basehttp 124 "GET /xadmin/home/banner/ HTTP/1.1" 200 27676
INFO 2020-07-09 18:38:40,955 basehttp 124 "GET /static/xadmin/js/xadmin.plugin.bookmark.js HTTP/1.1" 304 0
INFO 2020-07-09 18:38:40,955 basehttp 124 "GET /static/xadmin/js/xadmin.plugin.details.js HTTP/1.1" 304 0
INFO 2020-07-09 18:38:40,958 basehttp 124 "GET /static/xadmin/js/xadmin.plugin.filters.js HTTP/1.1" 304 0
INFO 2020-07-09 18:38:40,962 basehttp 124 "GET /static/xadmin/js/xadmin.plugin.actions.js HTTP/1.1" 304 0
INFO 2020-07-09 18:38:40,969 basehttp 124 "GET /static/xadmin/js/xadmin.page.list.js HTTP/1.1" 304 0
INFO 2020-07-09 18:38:44,970 basehttp 124 "GET /xadmin/jsi18n/ HTTP/1.1" 200 7684
INFO 2020-07-09 18:38:51,563 basehttp 124 "GET /xadmin/home/banner/3/update/ HTTP/1.1" 200 18741
INFO 2020-07-09 18:38:55,621 basehttp 124 "GET /xadmin/jsi18n/ HTTP/1.1" 200 7684
INFO 2020-07-09 18:39:07,378 basehttp 124 "GET /xadmin/home/banner/ HTTP/1.1" 200 27676
INFO 2020-07-09 18:39:11,444 basehttp 124 "GET /xadmin/jsi18n/ HTTP/1.1" 200 7684
INFO 2020-07-09 18:39:14,461 basehttp 124 "GET /xadmin/ HTTP/1.1" 200 13215
INFO 2020-07-09 18:39:14,504 basehttp 124 "GET /static/xadmin/css/xadmin.page.dashboard.css HTTP/1.1" 304 0
INFO 2020-07-09 18:39:14,689 basehttp 124 "GET /static/xadmin/js/xadmin.page.dashboard.js HTTP/1.1" 304 0
INFO 2020-07-09 18:39:18,544 basehttp 124 "GET /xadmin/jsi18n/ HTTP/1.1" 200 7684
INFO 2020-07-09 18:39:19,961 basehttp 124 "GET /xadmin/home/banner/2/update/ HTTP/1.1" 200 18766
INFO 2020-07-09 18:39:20,513 basehttp 124 "GET /media/banner/02_FwjMp9M.png HTTP/1.1" 304 0
INFO 2020-07-09 18:39:24,235 basehttp 124 "GET /xadmin/jsi18n/ HTTP/1.1" 200 7684
INFO 2020-07-09 18:39:38,508 basehttp 124 "POST /xadmin/home/banner/2/update/ HTTP/1.1" 302 0
INFO 2020-07-09 18:39:42,749 basehttp 124 "GET /xadmin/home/banner/ HTTP/1.1" 200 27917
INFO 2020-07-09 18:39:46,808 basehttp 124 "GET /xadmin/jsi18n/ HTTP/1.1" 200 7684
INFO 2020-07-09 18:39:52,434 basehttp 124 "GET /xadmin/home/banner/1/update/ HTTP/1.1" 200 18746
INFO 2020-07-09 18:39:52,754 basehttp 124 "GET /media/banner/01_Any8Ly9.png HTTP/1.1" 304 0
INFO 2020-07-09 18:39:56,492 basehttp 124 "GET /xadmin/jsi18n/ HTTP/1.1" 200 7684
INFO 2020-07-09 18:40:20,972 basehttp 124 "POST /xadmin/home/banner/1/update/ HTTP/1.1" 302 0
INFO 2020-07-09 18:40:25,122 basehttp 124 "GET /xadmin/home/banner/ HTTP/1.1" 200 27911
INFO 2020-07-09 18:40:29,186 basehttp 124 "GET /xadmin/jsi18n/ HTTP/1.1" 200 7684
INFO 2020-07-09 18:40:40,837 basehttp 124 "GET /home/banner/ HTTP/1.1" 200 280
INFO 2020-07-09 18:40:57,930 basehttp 124 "GET /xadmin/home/banner/3/update/ HTTP/1.1" 200 18741
INFO 2020-07-09 18:41:02,005 basehttp 124 "GET /xadmin/jsi18n/ HTTP/1.1" 200 7684
ERROR 2020-07-09 18:41:02,006 basehttp 124 "GET /xadmin/jsi18n/ HTTP/1.1" 500 59
INFO 2020-07-09 19:00:29,673 basehttp 124 "GET /home/nav/ HTTP/1.1" 200 5251
WARNING 2020-07-09 19:00:32,274 base 93 Not Found: /
WARNING 2020-07-09 19:00:32,275 basehttp 124 "GET / HTTP/1.1" 404 2152
INFO 2020-07-09 19:00:53,368 basehttp 124 "GET /home/nav HTTP/1.1" 301 0
INFO 2020-07-09 19:00:57,424 basehttp 124 "GET /home/nav/ HTTP/1.1" 200 5251
INFO 2020-07-09 19:02:52,170 basehttp 124 "GET /xadmin/ HTTP/1.1" 200 14799
INFO 2020-07-09 19:02:56,255 basehttp 124 "GET /xadmin/jsi18n/ HTTP/1.1" 200 7684
INFO 2020-07-09 19:03:29,991 basehttp 124 "GET /xadmin/home/nav/ HTTP/1.1" 200 24901
ERROR 2020-07-09 19:03:29,993 basehttp 124 "GET /xadmin/home/nav/ HTTP/1.1" 500 59
INFO 2020-07-09 19:03:30,217 basehttp 124 "GET /xadmin/home/nav/ HTTP/1.1" 200 24901
ERROR 2020-07-09 19:03:30,218 basehttp 124 "GET /xadmin/home/nav/ HTTP/1.1" 500 59
INFO 2020-07-09 19:03:33,086 basehttp 124 "GET /xadmin/home/nav/ HTTP/1.1" 200 24901
INFO 2020-07-09 19:03:37,147 basehttp 124 "GET /xadmin/jsi18n/ HTTP/1.1" 200 7684
INFO 2020-07-09 19:03:43,795 basehttp 124 "GET /xadmin/home/nav/add/ HTTP/1.1" 200 19190
INFO 2020-07-09 19:03:43,841 basehttp 124 "GET /static/xadmin/vendor/select2/select2_locale_zh-hans.js HTTP/1.1" 200 694
INFO 2020-07-09 19:03:43,933 basehttp 124 "GET /static/xadmin/vendor/select2/select2.css HTTP/1.1" 200 19226
INFO 2020-07-09 19:03:43,941 basehttp 124 "GET /static/xadmin/vendor/selectize/selectize.css HTTP/1.1" 200 8425
INFO 2020-07-09 19:03:43,942 basehttp 124 "GET /static/xadmin/vendor/selectize/selectize.bootstrap3.css HTTP/1.1" 200 10602
INFO 2020-07-09 19:03:43,952 basehttp 124 "GET /static/xadmin/js/xadmin.widget.select.js HTTP/1.1" 200 1344
INFO 2020-07-09 19:03:43,969 basehttp 124 "GET /static/xadmin/vendor/selectize/selectize.js HTTP/1.1" 200 98602
INFO 2020-07-09 19:03:43,989 basehttp 124 "GET /static/xadmin/vendor/select2/select2.js HTTP/1.1" 200 104906
INFO 2020-07-09 19:03:47,867 basehttp 124 "GET /xadmin/jsi18n/ HTTP/1.1" 200 7684
INFO 2020-07-09 19:05:13,252 basehttp 124 "POST /xadmin/home/nav/add/ HTTP/1.1" 302 0
INFO 2020-07-09 19:05:17,393 basehttp 124 "GET /xadmin/home/nav/add/ HTTP/1.1" 200 19533
INFO 2020-07-09 19:05:21,484 basehttp 124 "GET /xadmin/jsi18n/ HTTP/1.1" 200 7684
INFO 2020-07-09 19:06:19,208 basehttp 124 "POST /xadmin/home/nav/add/ HTTP/1.1" 302 0
INFO 2020-07-09 19:06:23,437 basehttp 124 "GET /xadmin/home/nav/add/ HTTP/1.1" 200 19537
INFO 2020-07-09 19:06:27,543 basehttp 124 "GET /xadmin/jsi18n/ HTTP/1.1" 200 7684
INFO 2020-07-09 19:07:17,529 basehttp 124 "POST /xadmin/home/nav/add/ HTTP/1.1" 302 0
INFO 2020-07-09 19:07:21,834 basehttp 124 "GET /xadmin/home/nav/add/ HTTP/1.1" 200 19545
INFO 2020-07-09 19:07:25,936 basehttp 124 "GET /xadmin/jsi18n/ HTTP/1.1" 200 7684
INFO 2020-07-09 19:08:02,837 basehttp 124 "POST /xadmin/home/nav/add/ HTTP/1.1" 302 0
INFO 2020-07-09 19:08:06,985 basehttp 124 "GET /xadmin/home/nav/add/ HTTP/1.1" 200 19527
INFO 2020-07-09 19:08:11,092 basehttp 124 "GET /xadmin/jsi18n/ HTTP/1.1" 200 7684
INFO 2020-07-09 19:10:13,845 basehttp 124 "POST /xadmin/home/nav/add/ HTTP/1.1" 302 0
INFO 2020-07-09 19:10:17,975 basehttp 124 "GET /xadmin/home/nav/add/ HTTP/1.1" 200 19542
INFO 2020-07-09 19:10:22,048 basehttp 124 "GET /xadmin/jsi18n/ HTTP/1.1" 200 7684
INFO 2020-07-09 19:10:45,526 basehttp 124 "POST /xadmin/home/nav/add/ HTTP/1.1" 302 0
INFO 2020-07-09 19:10:49,804 basehttp 124 "GET /xadmin/home/nav/ HTTP/1.1" 200 31873
INFO 2020-07-09 19:10:53,907 basehttp 124 "GET /xadmin/jsi18n/ HTTP/1.1" 200 7684
INFO 2020-07-09 19:11:36,079 basehttp 124 "GET /home/nav/ HTTP/1.1" 200 6267
INFO 2020-07-09 19:15:51,094 basehttp 124 "GET /home/nav/ HTTP/1.1" 200 355
INFO 2020-07-09 19:15:51,099 basehttp 124 "GET /home/banner/ HTTP/1.1" 200 280
INFO 2020-07-09 19:15:51,124 basehttp 124 "GET /media/banner/03_7x5deIC.png HTTP/1.1" 304 0
INFO 2020-07-09 19:15:51,124 basehttp 124 "GET /media/banner/02_FwjMp9M.png HTTP/1.1" 304 0
INFO 2020-07-09 19:15:51,134 basehttp 124 "GET /media/banner/01_Any8Ly9.png HTTP/1.1" 304 0
INFO 2020-07-09 19:16:01,544 basehttp 124 "GET /home/nav/ HTTP/1.1" 200 355
INFO 2020-07-09 19:16:01,582 basehttp 124 "GET /home/banner/ HTTP/1.1" 200 280
INFO 2020-07-09 19:16:08,466 basehttp 124 "GET /home/nav/ HTTP/1.1" 200 355
INFO 2020-07-09 19:16:08,467 basehttp 124 "GET /home/banner/ HTTP/1.1" 200 280
INFO 2020-07-09 19:16:17,448 basehttp 124 "GET /home/nav/ HTTP/1.1" 200 355
ERROR 2020-07-09 19:16:17,451 basehttp 124 "GET /home/nav/ HTTP/1.1" 500 59
INFO 2020-07-09 19:16:17,454 basehttp 124 "GET /home/banner/ HTTP/1.1" 200 280
ERROR 2020-07-09 19:16:17,455 basehttp 124 "GET /home/banner/ HTTP/1.1" 500 59
INFO 2020-07-09 19:16:21,372 basehttp 124 "GET /home/nav/ HTTP/1.1" 200 355
INFO 2020-07-09 19:16:21,372 basehttp 124 "GET /home/banner/ HTTP/1.1" 200 280
INFO 2020-07-09 19:16:43,082 basehttp 124 "GET /home/nav/ HTTP/1.1" 200 355
INFO 2020-07-09 19:16:43,096 basehttp 124 "GET /home/banner/ HTTP/1.1" 200 280
INFO 2020-07-09 19:16:53,918 basehttp 124 "GET /home/nav/ HTTP/1.1" 200 355
ERROR 2020-07-09 19:16:53,919 basehttp 124 "GET /home/nav/ HTTP/1.1" 500 59
INFO 2020-07-09 19:16:53,930 basehttp 124 "GET /home/banner/ HTTP/1.1" 200 280
ERROR 2020-07-09 19:16:53,931 basehttp 124 "GET /home/banner/ HTTP/1.1" 500 59
INFO 2020-07-09 19:16:56,465 basehttp 124 "GET /home/nav/ HTTP/1.1" 200 355
INFO 2020-07-09 19:16:56,466 basehttp 124 "GET /home/banner/ HTTP/1.1" 200 280
ERROR 2020-07-09 19:16:56,468 basehttp 124 "GET /home/banner/ HTTP/1.1" 500 59
ERROR 2020-07-09 19:16:56,469 basehttp 124 "GET /home/nav/ HTTP/1.1" 500 59
INFO 2020-07-09 19:16:58,609 basehttp 124 "GET /home/nav/ HTTP/1.1" 200 355
INFO 2020-07-09 19:16:58,610 basehttp 124 "GET /home/banner/ HTTP/1.1" 200 280
INFO 2020-07-09 19:17:03,934 basehttp 124 "GET /xadmin/home/nav/4/update/ HTTP/1.1" 200 19486
INFO 2020-07-09 19:17:08,007 basehttp 124 "GET /xadmin/jsi18n/ HTTP/1.1" 200 7684
INFO 2020-07-09 19:17:28,797 basehttp 124 "POST /xadmin/home/nav/4/update/ HTTP/1.1" 302 0
INFO 2020-07-09 19:17:33,027 basehttp 124 "GET /xadmin/home/nav/ HTTP/1.1" 200 31810
ERROR 2020-07-09 19:17:33,028 basehttp 124 "GET /xadmin/home/nav/ HTTP/1.1" 500 59
INFO 2020-07-09 19:17:36,123 basehttp 124 "GET /xadmin/home/nav/ HTTP/1.1" 200 31810
INFO 2020-07-09 19:17:40,204 basehttp 124 "GET /xadmin/jsi18n/ HTTP/1.1" 200 7684
INFO 2020-07-09 19:17:51,586 basehttp 124 "GET /xadmin/home/nav/6/update/ HTTP/1.1" 200 19501
INFO 2020-07-09 19:17:55,656 basehttp 124 "GET /xadmin/jsi18n/ HTTP/1.1" 200 7684
INFO 2020-07-09 19:18:03,481 basehttp 124 "GET /xadmin/home/nav/ HTTP/1.1" 200 31581
INFO 2020-07-09 19:18:09,840 basehttp 124 "GET /xadmin/home/nav/5/update/ HTTP/1.1" 200 19557
INFO 2020-07-09 19:18:13,911 basehttp 124 "GET /xadmin/jsi18n/ HTTP/1.1" 200 7684
INFO 2020-07-09 19:18:20,406 basehttp 124 "GET /xadmin/home/nav/ HTTP/1.1" 200 31581
INFO 2020-07-09 19:18:27,789 basehttp 124 "GET /xadmin/home/nav/3/update/ HTTP/1.1" 200 19562
INFO 2020-07-09 19:18:31,848 basehttp 124 "GET /xadmin/jsi18n/ HTTP/1.1" 200 7684
INFO 2020-07-09 19:18:52,227 basehttp 124 "POST /xadmin/home/nav/3/update/ HTTP/1.1" 302 0
INFO 2020-07-09 19:18:56,360 basehttp 124 "GET /xadmin/home/nav/ HTTP/1.1" 200 31828
INFO 2020-07-09 19:19:00,421 basehttp 124 "GET /xadmin/jsi18n/ HTTP/1.1" 200 7684
INFO 2020-07-09 19:19:08,394 basehttp 124 "GET /xadmin/home/nav/2/update/ HTTP/1.1" 200 19537
INFO 2020-07-09 19:19:12,461 basehttp 124 "GET /xadmin/jsi18n/ HTTP/1.1" 200 7684
INFO 2020-07-09 19:19:19,064 basehttp 124 "GET /home/banner/ HTTP/1.1" 200 280
INFO 2020-07-09 19:19:19,073 basehttp 124 "GET /home/nav/ HTTP/1.1" 200 370
INFO 2020-07-09 19:19:25,616 basehttp 124 "GET /xadmin/home/nav/ HTTP/1.1" 200 31581
INFO 2020-07-09 19:19:29,661 basehttp 124 "GET /xadmin/jsi18n/ HTTP/1.1" 200 7684
INFO 2020-07-09 19:19:44,166 basehttp 124 "GET /home/nav/ HTTP/1.1" 200 370
INFO 2020-07-09 19:19:44,175 basehttp 124 "GET /home/banner/ HTTP/1.1" 200 280
INFO 2020-07-09 19:32:01,500 basehttp 124 "GET /home/nav/ HTTP/1.1" 200 370
INFO 2020-07-09 19:32:01,512 basehttp 124 "GET /home/banner/ HTTP/1.1" 200 280
INFO 2020-07-09 19:32:01,539 basehttp 124 "GET /media/banner/03_7x5deIC.png HTTP/1.1" 304 0
INFO 2020-07-09 19:32:01,539 basehttp 124 "GET /media/banner/02_FwjMp9M.png HTTP/1.1" 304 0
INFO 2020-07-09 19:32:01,540 basehttp 124 "GET /media/banner/01_Any8Ly9.png HTTP/1.1" 304 0
INFO 2020-07-09 19:37:40,345 basehttp 124 "GET /home/nav/ HTTP/1.1" 200 370
INFO 2020-07-09 19:37:40,363 basehttp 124 "GET /home/banner/ HTTP/1.1" 200 280
INFO 2020-07-09 19:43:54,549 basehttp 124 "GET /home/nav/ HTTP/1.1" 200 370
INFO 2020-07-09 19:43:54,552 basehttp 124 "GET /home/banner/ HTTP/1.1" 200 280
INFO 2020-07-09 19:43:54,578 basehttp 124 "GET /media/banner/02_FwjMp9M.png HTTP/1.1" 304 0
INFO 2020-07-09 19:43:54,579 basehttp 124 "GET /media/banner/01_Any8Ly9.png HTTP/1.1" 304 0
INFO 2020-07-09 19:43:54,579 basehttp 124 "GET /media/banner/03_7x5deIC.png HTTP/1.1" 304 0
INFO 2020-07-09 20:31:24,418 basehttp 124 "GET /home/nav/ HTTP/1.1" 200 5216
INFO 2020-07-09 20:31:28,967 basehttp 124 "GET /xadmin/home/nav/ HTTP/1.1" 200 4375
INFO 2020-07-09 20:31:29,024 basehttp 124 "GET /static/xadmin/vendor/bootstrap/css/bootstrap.css HTTP/1.1" 304 0
INFO 2020-07-09 20:31:29,030 basehttp 124 "GET /static/xadmin/css/xadmin.main.css HTTP/1.1" 304 0
INFO 2020-07-09 20:31:29,031 basehttp 124 "GET /static/xadmin/css/themes/bootstrap-xadmin.css HTTP/1.1" 304 0
INFO 2020-07-09 20:31:29,031 basehttp 124 "GET /static/xadmin/vendor/font-awesome/css/font-awesome.css HTTP/1.1" 304 0
INFO 2020-07-09 20:31:29,033 basehttp 124 "GET /static/xadmin/css/xadmin.plugins.css HTTP/1.1" 304 0
INFO 2020-07-09 20:31:29,035 basehttp 124 "GET /static/xadmin/css/xadmin.responsive.css HTTP/1.1" 304 0
INFO 2020-07-09 20:31:29,048 basehttp 124 "GET /static/xadmin/vendor/jquery-ui/jquery.ui.widget.js HTTP/1.1" 304 0
INFO 2020-07-09 20:31:29,049 basehttp 124 "GET /static/xadmin/vendor/jquery-ui/jquery.ui.core.js HTTP/1.1" 304 0
INFO 2020-07-09 20:31:29,050 basehttp 124 "GET /static/xadmin/vendor/jquery-ui/jquery.ui.mouse.js HTTP/1.1" 304 0
INFO 2020-07-09 20:31:29,058 basehttp 124 "GET /static/xadmin/vendor/jquery-ui/jquery.ui.sortable.js HTTP/1.1" 304 0
INFO 2020-07-09 20:31:29,060 basehttp 124 "GET /static/xadmin/vendor/bootstrap/js/bootstrap.js HTTP/1.1" 304 0
INFO 2020-07-09 20:31:29,067 basehttp 124 "GET /static/xadmin/vendor/jquery-ui/jquery.ui.effect.js HTTP/1.1" 304 0
INFO 2020-07-09 20:31:29,068 basehttp 124 "GET /static/xadmin/vendor/jquery/jquery.js HTTP/1.1" 304 0
INFO 2020-07-09 20:31:29,069 basehttp 124 "GET /static/xadmin/js/xadmin.responsive.js HTTP/1.1" 304 0
INFO 2020-07-09 20:31:29,070 basehttp 124 "GET /xadmin/jsi18n/ HTTP/1.1" 200 4373
INFO 2020-07-09 20:31:29,079 basehttp 124 "GET /static/xadmin/js/xadmin.main.js HTTP/1.1" 304 0
INFO 2020-07-09 20:31:29,079 basehttp 124 "GET /static/xadmin/js/xadmin.plugin.themes.js HTTP/1.1" 304 0
INFO 2020-07-09 20:31:29,389 basehttp 124 "GET /static/xadmin/vendor/font-awesome/fonts/fontawesome-webfont.woff?v=4.0.3 HTTP/1.1" 304 0
INFO 2020-07-09 20:31:49,869 basehttp 124 "POST /xadmin/home/nav/ HTTP/1.1" 200 4612
INFO 2020-07-09 20:31:49,903 basehttp 124 "GET /xadmin/jsi18n/ HTTP/1.1" 200 4373
WARNING 2020-07-09 20:36:11,080 base 93 Not Found: /
WARNING 2020-07-09 20:36:11,081 basehttp 124 "GET / HTTP/1.1" 404 2152
WARNING 2020-07-09 20:36:11,721 base 93 Not Found: /favicon.ico
WARNING 2020-07-09 20:36:11,722 basehttp 124 "GET /favicon.ico HTTP/1.1" 404 2203
INFO 2020-07-09 20:36:28,488 basehttp 124 "GET /xadmin/ HTTP/1.1" 200 4366
INFO 2020-07-09 20:36:28,526 basehttp 124 "GET /xadmin/jsi18n/ HTTP/1.1" 200 4373
INFO 2020-07-09 20:36:43,975 basehttp 124 "POST /xadmin/ HTTP/1.1" 302 0
INFO 2020-07-09 20:36:51,504 basehttp 124 "GET /xadmin/ HTTP/1.1" 200 15549
INFO 2020-07-09 20:36:51,540 basehttp 124 "GET /static/xadmin/css/xadmin.page.dashboard.css HTTP/1.1" 304 0
INFO 2020-07-09 20:36:51,541 basehttp 124 "GET /static/xadmin/js/xadmin.plugin.portal.js HTTP/1.1" 304 0
INFO 2020-07-09 20:36:51,541 basehttp 124 "GET /static/xadmin/js/xadmin.page.dashboard.js HTTP/1.1" 304 0
INFO 2020-07-09 20:36:55,555 basehttp 124 "GET /xadmin/jsi18n/ HTTP/1.1" 200 7684
INFO 2020-07-09 20:37:11,156 basehttp 124 "GET /xadmin/home/banner/ HTTP/1.1" 200 25088
INFO 2020-07-09 20:37:11,196 basehttp 124 "GET /static/xadmin/css/xadmin.form.css HTTP/1.1" 304 0
INFO 2020-07-09 20:37:11,215 basehttp 124 "GET /static/xadmin/js/xadmin.plugin.details.js HTTP/1.1" 304 0
INFO 2020-07-09 20:37:11,219 basehttp 124 "GET /static/xadmin/js/xadmin.plugin.bookmark.js HTTP/1.1" 304 0
INFO 2020-07-09 20:37:11,226 basehttp 124 "GET /static/xadmin/js/xadmin.plugin.filters.js HTTP/1.1" 304 0
INFO 2020-07-09 20:37:11,230 basehttp 124 "GET /static/xadmin/js/xadmin.page.list.js HTTP/1.1" 304 0
INFO 2020-07-09 20:37:11,231 basehttp 124 "GET /static/xadmin/js/xadmin.page.form.js HTTP/1.1" 304 0
INFO 2020-07-09 20:37:15,231 basehttp 124 "GET /xadmin/jsi18n/ HTTP/1.1" 200 7684
INFO 2020-07-09 20:37:21,628 basehttp 124 "GET /xadmin/home/banner/add/ HTTP/1.1" 200 20577
INFO 2020-07-09 20:37:21,759 basehttp 124 "GET /static/xadmin/vendor/bootstrap-image-gallery/css/bootstrap-image-gallery.css HTTP/1.1" 304 0
INFO 2020-07-09 20:37:21,769 basehttp 124 "GET /static/xadmin/vendor/load-image/load-image.js HTTP/1.1" 304 0
INFO 2020-07-09 20:37:21,770 basehttp 124 "GET /static/xadmin/vendor/bootstrap-image-gallery/js/bootstrap-image-gallery.js HTTP/1.1" 304 0
INFO 2020-07-09 20:37:25,797 basehttp 124 "GET /xadmin/jsi18n/ HTTP/1.1" 200 7684
INFO 2020-07-09 20:37:58,361 basehttp 124 "POST /xadmin/home/banner/add/ HTTP/1.1" 302 0
INFO 2020-07-09 20:38:02,479 basehttp 124 "GET /xadmin/home/banner/add/ HTTP/1.1" 200 20923
INFO 2020-07-09 20:38:06,539 basehttp 124 "GET /xadmin/jsi18n/ HTTP/1.1" 200 7684
INFO 2020-07-09 20:38:56,963 basehttp 124 "POST /xadmin/home/banner/add/ HTTP/1.1" 302 0
INFO 2020-07-09 20:39:01,082 basehttp 124 "GET /xadmin/home/banner/add/ HTTP/1.1" 200 20929
INFO 2020-07-09 20:39:05,135 basehttp 124 "GET /xadmin/jsi18n/ HTTP/1.1" 200 7684
INFO 2020-07-09 20:39:42,365 basehttp 124 "POST /xadmin/home/banner/add/ HTTP/1.1" 302 0
INFO 2020-07-09 20:39:46,688 basehttp 124 "GET /xadmin/home/banner/ HTTP/1.1" 200 30305
INFO 2020-07-09 20:39:46,756 basehttp 124 "GET /static/xadmin/js/xadmin.plugin.actions.js HTTP/1.1" 304 0
INFO 2020-07-09 20:39:50,782 basehttp 124 "GET /xadmin/jsi18n/ HTTP/1.1" 200 7684
INFO 2020-07-09 20:39:56,125 basehttp 124 "GET /xadmin/home/nav/ HTTP/1.1" 200 25651
INFO 2020-07-09 20:40:00,194 basehttp 124 "GET /xadmin/jsi18n/ HTTP/1.1" 200 7684
INFO 2020-07-09 20:40:06,228 basehttp 124 "GET /xadmin/home/nav/add/ HTTP/1.1" 200 19940
INFO 2020-07-09 20:40:06,264 basehttp 124 "GET /static/xadmin/vendor/select2/select2.css HTTP/1.1" 304 0
INFO 2020-07-09 20:40:06,268 basehttp 124 "GET /static/xadmin/vendor/selectize/selectize.css HTTP/1.1" 304 0
INFO 2020-07-09 20:40:06,268 basehttp 124 "GET /static/xadmin/vendor/selectize/selectize.bootstrap3.css HTTP/1.1" 304 0
INFO 2020-07-09 20:40:06,284 basehttp 124 "GET /static/xadmin/vendor/selectize/selectize.js HTTP/1.1" 304 0
INFO 2020-07-09 20:40:06,285 basehttp 124 "GET /static/xadmin/js/xadmin.widget.select.js HTTP/1.1" 304 0
INFO 2020-07-09 20:40:06,285 basehttp 124 "GET /static/xadmin/vendor/select2/select2.js HTTP/1.1" 304 0
INFO 2020-07-09 20:40:06,285 basehttp 124 "GET /static/xadmin/vendor/select2/select2_locale_zh-hans.js HTTP/1.1" 304 0
INFO 2020-07-09 20:40:10,295 basehttp 124 "GET /xadmin/jsi18n/ HTTP/1.1" 200 7684
INFO 2020-07-09 20:41:02,007 basehttp 124 "POST /xadmin/home/nav/add/ HTTP/1.1" 302 0
INFO 2020-07-09 20:41:06,197 basehttp 124 "GET /xadmin/home/nav/add/ HTTP/1.1" 200 20277
INFO 2020-07-09 20:41:10,300 basehttp 124 "GET /xadmin/jsi18n/ HTTP/1.1" 200 7684
INFO 2020-07-09 20:41:50,428 basehttp 124 "POST /xadmin/home/nav/add/ HTTP/1.1" 302 0
INFO 2020-07-09 20:41:54,613 basehttp 124 "GET /xadmin/home/nav/add/ HTTP/1.1" 200 20287
INFO 2020-07-09 20:41:58,739 basehttp 124 "GET /xadmin/jsi18n/ HTTP/1.1" 200 7684
INFO 2020-07-09 20:43:17,452 basehttp 124 "POST /xadmin/home/nav/add/ HTTP/1.1" 302 0
INFO 2020-07-09 20:43:21,590 basehttp 124 "GET /xadmin/home/nav/add/ HTTP/1.1" 200 20289
INFO 2020-07-09 20:43:25,669 basehttp 124 "GET /xadmin/jsi18n/ HTTP/1.1" 200 7684
INFO 2020-07-09 20:43:50,910 basehttp 124 "POST /xadmin/home/nav/add/ HTTP/1.1" 302 0
INFO 2020-07-09 20:43:55,036 basehttp 124 "GET /xadmin/home/nav/add/ HTTP/1.1" 200 20292
INFO 2020-07-09 20:43:59,097 basehttp 124 "GET /xadmin/jsi18n/ HTTP/1.1" 200 7684
INFO 2020-07-09 20:44:23,006 basehttp 124 "POST /xadmin/home/nav/add/ HTTP/1.1" 302 0
INFO 2020-07-09 20:44:27,121 basehttp 124 "GET /xadmin/home/nav/add/ HTTP/1.1" 200 20280
INFO 2020-07-09 20:44:31,193 basehttp 124 "GET /xadmin/jsi18n/ HTTP/1.1" 200 7684
INFO 2020-07-09 20:44:37,018 basehttp 124 "GET /xadmin/home/nav/ HTTP/1.1" 200 31738
INFO 2020-07-09 20:44:41,080 basehttp 124 "GET /xadmin/jsi18n/ HTTP/1.1" 200 7684
WARNING 2020-07-09 20:44:56,465 base 93 Not Found: /
WARNING 2020-07-09 20:44:56,466 basehttp 124 "GET / HTTP/1.1" 404 2152
WARNING 2020-07-09 20:45:05,580 base 93 Not Found: /home
WARNING 2020-07-09 20:45:05,583 basehttp 124 "GET /home HTTP/1.1" 404 2182
WARNING 2020-07-09 20:45:18,258 base 93 Not Found: /home/
WARNING 2020-07-09 20:45:18,260 basehttp 124 "GET /home/ HTTP/1.1" 404 2395
INFO 2020-07-09 20:45:33,925 basehttp 124 "GET /home/nav/ HTTP/1.1" 200 6274
INFO 2020-07-09 20:46:09,803 basehttp 124 "GET /home/banner/ HTTP/1.1" 200 6157
INFO 2020-07-09 20:46:21,311 basehttp 124 "GET /home/banner/ HTTP/1.1" 200 283
INFO 2020-07-09 20:46:21,323 basehttp 124 "GET /home/nav/ HTTP/1.1" 200 361
ERROR 2020-07-09 20:46:21,334 basehttp 124 "GET /home/banner/ HTTP/1.1" 500 59
ERROR 2020-07-09 20:46:21,334 basehttp 124 "GET /home/nav/ HTTP/1.1" 500 59
INFO 2020-07-09 20:46:24,791 basehttp 124 "GET /home/nav/ HTTP/1.1" 200 361
ERROR 2020-07-09 20:46:24,792 basehttp 124 "GET /home/nav/ HTTP/1.1" 500 59
INFO 2020-07-09 20:46:24,804 basehttp 124 "GET /home/banner/ HTTP/1.1" 200 283
ERROR 2020-07-09 20:46:24,805 basehttp 124 "GET /home/banner/ HTTP/1.1" 500 59
INFO 2020-07-09 20:46:27,845 basehttp 124 "GET /home/nav/ HTTP/1.1" 200 361
ERROR 2020-07-09 20:46:27,851 basehttp 124 "GET /home/nav/ HTTP/1.1" 500 59
INFO 2020-07-09 20:46:27,851 basehttp 124 "GET /home/banner/ HTTP/1.1" 200 283
ERROR 2020-07-09 20:46:27,854 basehttp 124 "GET /home/banner/ HTTP/1.1" 500 59
INFO 2020-07-09 20:46:30,476 basehttp 124 "GET /home/nav/ HTTP/1.1" 200 361
INFO 2020-07-09 20:46:30,485 basehttp 124 "GET /home/banner/ HTTP/1.1" 200 283
INFO 2020-07-09 20:46:30,570 basehttp 124 "GET /media/banner/02_XbQLSZD.png HTTP/1.1" 200 364808
INFO 2020-07-09 20:46:30,579 basehttp 124 "GET /media/banner/01_nPe8n9c.png HTTP/1.1" 200 737783
INFO 2020-07-09 20:46:30,582 basehttp 124 "GET /media/banner/03_C8721vv.png HTTP/1.1" 200 745382
INFO 2020-07-09 20:46:57,595 basehttp 124 "GET /home/nav/ HTTP/1.1" 200 6274
INFO 2020-07-09 20:47:03,167 basehttp 124 "GET /home/nav/ HTTP/1.1" 200 361
INFO 2020-07-09 20:47:03,194 basehttp 124 "GET /home/banner/ HTTP/1.1" 200 283
INFO 2020-07-09 20:47:20,957 basehttp 124 "GET /home/nav/ HTTP/1.1" 200 361
INFO 2020-07-09 20:47:20,982 basehttp 124 "GET /home/banner/ HTTP/1.1" 200 283
INFO 2020-07-09 20:48:04,798 basehttp 124 "GET /home/nav/ HTTP/1.1" 200 361
INFO 2020-07-09 20:48:04,801 basehttp 124 "GET /home/banner/ HTTP/1.1" 200 283
INFO 2020-07-09 20:48:04,815 basehttp 124 "GET /media/banner/02_XbQLSZD.png HTTP/1.1" 304 0
INFO 2020-07-09 20:48:04,815 basehttp 124 "GET /media/banner/01_nPe8n9c.png HTTP/1.1" 304 0
INFO 2020-07-09 20:48:04,817 basehttp 124 "GET /media/banner/03_C8721vv.png HTTP/1.1" 304 0
WARNING 2020-07-09 21:03:06,107 base 93 Not Found: /
WARNING 2020-07-09 21:03:06,109 basehttp 124 "GET / HTTP/1.1" 404 2257
WARNING 2020-07-09 21:03:18,628 base 93 Not Found: /user/login
WARNING 2020-07-09 21:03:18,629 basehttp 124 "GET /user/login HTTP/1.1" 404 2515
WARNING 2020-07-09 21:03:29,173 base 93 Not Found: /user/login/
WARNING 2020-07-09 21:03:29,174 basehttp 124 "GET /user/login/ HTTP/1.1" 404 2518
INFO 2020-07-09 21:11:59,202 basehttp 124 "GET /user/login HTTP/1.1" 301 0
WARNING 2020-07-09 21:11:59,438 basehttp 124 "GET /user/login/ HTTP/1.1" 405 7689
WARNING 2020-07-09 21:11:59,823 base 93 Not Found: /favicon.ico
WARNING 2020-07-09 21:11:59,825 basehttp 124 "GET /favicon.ico HTTP/1.1" 404 2308
INFO 2020-07-09 21:15:28,245 basehttp 124 "POST /user/login/ HTTP/1.1" 200 7821
INFO 2020-07-09 21:23:46,942 basehttp 124 "GET /home/banner/ HTTP/1.1" 200 283
INFO 2020-07-09 21:23:46,950 basehttp 124 "GET /home/nav/ HTTP/1.1" 200 361
WARNING 2020-07-09 21:24:06,512 base 93 Not Found: /user/captcha/
WARNING 2020-07-09 21:24:06,513 basehttp 124 "GET /user/captcha/?username=zhaodx HTTP/1.1" 404 2383
WARNING 2020-07-09 21:24:18,210 base 93 Not Found: /user/captcha/
WARNING 2020-07-09 21:24:18,210 basehttp 124 "GET /user/captcha/?username=zhaodx HTTP/1.1" 404 2383
INFO 2020-07-09 22:08:00,757 basehttp 124 "GET /home/nav/ HTTP/1.1" 200 361
INFO 2020-07-09 22:08:00,774 basehttp 124 "GET /home/banner/ HTTP/1.1" 200 283
INFO 2020-07-09 22:08:00,799 basehttp 124 "GET /media/banner/01_nPe8n9c.png HTTP/1.1" 304 0
INFO 2020-07-09 22:08:00,803 basehttp 124 "GET /media/banner/03_C8721vv.png HTTP/1.1" 304 0
INFO 2020-07-09 22:08:00,806 basehttp 124 "GET /media/banner/02_XbQLSZD.png HTTP/1.1" 304 0
WARNING 2020-07-09 22:08:22,102 base 93 Not Found: /user/captcha/
WARNING 2020-07-09 22:08:22,104 basehttp 124 "GET /user/captcha/?username=zhaodx HTTP/1.1" 404 2383
WARNING 2020-07-09 22:08:57,967 base 93 Not Found: /user/captcha/
WARNING 2020-07-09 22:08:57,968 basehttp 124 "GET /user/captcha/?username=zhaodx HTTP/1.1" 404 2383
WARNING 2020-07-09 23:36:37,400 basehttp 124 "GET /user/login/ HTTP/1.1" 405 7689
WARNING 2020-07-09 23:36:38,122 base 93 Not Found: /favicon.ico
WARNING 2020-07-09 23:36:38,123 basehttp 124 "GET /favicon.ico HTTP/1.1" 404 2308
WARNING 2020-07-09 23:36:58,989 base 93 Not Found: /user/lcaotcha/
WARNING 2020-07-09 23:36:58,991 basehttp 124 "GET /user/lcaotcha/ HTTP/1.1" 404 2530
WARNING 2020-07-09 23:37:12,001 basehttp 124 "GET /user/captcha/ HTTP/1.1" 400 6929
WARNING 2020-07-09 23:38:12,625 basehttp 124 "GET /user/captcha/?username=13700001111 HTTP/1.1" 400 7063
WARNING 2020-07-09 23:38:32,051 basehttp 124 "GET /user/captcha/?username=13700001111 HTTP/1.1" 400 7063
INFO 2020-07-09 23:47:15,848 basehttp 124 "GET /home/nav/ HTTP/1.1" 200 361
INFO 2020-07-09 23:47:15,855 basehttp 124 "GET /home/banner/ HTTP/1.1" 200 283
INFO 2020-07-09 23:47:15,875 basehttp 124 "GET /media/banner/01_nPe8n9c.png HTTP/1.1" 304 0
INFO 2020-07-09 23:47:15,877 basehttp 124 "GET /media/banner/02_XbQLSZD.png HTTP/1.1" 304 0
INFO 2020-07-09 23:47:15,888 basehttp 124 "GET /media/banner/03_C8721vv.png HTTP/1.1" 304 0
INFO 2020-07-10 00:27:34,581 basehttp 124 "GET /user/captcha/?username=zhaodx HTTP/1.1" 200 142
INFO 2020-07-10 00:27:38,843 basehttp 124 "GET /user/captcha/?username=zhaodx HTTP/1.1" 200 142
INFO 2020-07-10 00:27:41,500 basehttp 124 "OPTIONS /user/captcha/ HTTP/1.1" 200 0
INFO 2020-07-10 00:27:41,506 basehttp 124 "POST /user/captcha/ HTTP/1.1" 200 17
INFO 2020-07-10 00:27:41,511 basehttp 124 "OPTIONS /user/login/ HTTP/1.1" 200 0
INFO 2020-07-10 00:27:42,871 basehttp 124 "GET /user/captcha/?username=zhaodx HTTP/1.1" 200 142
INFO 2020-07-10 00:27:45,657 basehttp 124 "POST /user/login/ HTTP/1.1" 200 224
INFO 2020-07-10 00:27:46,901 basehttp 124 "GET /user/captcha/?username=zhaodx HTTP/1.1" 200 142
INFO 2020-07-10 00:27:49,751 basehttp 124 "GET /home/banner/ HTTP/1.1" 200 283
INFO 2020-07-10 00:27:49,760 basehttp 124 "GET /home/nav/ HTTP/1.1" 200 361
INFO 2020-07-10 00:27:49,772 basehttp 124 "GET /media/banner/01_nPe8n9c.png HTTP/1.1" 304 0
INFO 2020-07-10 00:27:49,773 basehttp 124 "GET /media/banner/03_C8721vv.png HTTP/1.1" 304 0
INFO 2020-07-10 00:27:49,774 basehttp 124 "GET /media/banner/02_XbQLSZD.png HTTP/1.1" 304 0
INFO 2020-07-10 00:28:25,457 basehttp 124 "GET /home/nav/ HTTP/1.1" 200 361
INFO 2020-07-10 00:28:25,467 basehttp 124 "GET /home/banner/ HTTP/1.1" 200 283
INFO 2020-07-10 00:28:53,395 basehttp 124 "GET /user/captcha/?username=zhaodx HTTP/1.1" 200 142
INFO 2020-07-10 00:28:58,055 basehttp 124 "POST /user/captcha/ HTTP/1.1" 200 17
INFO 2020-07-10 00:29:02,174 basehttp 124 "POST /user/login/ HTTP/1.1" 200 224
INFO 2020-07-10 00:29:06,220 basehttp 124 "GET /home/nav/ HTTP/1.1" 200 361
INFO 2020-07-10 00:29:06,238 basehttp 124 "GET /home/banner/ HTTP/1.1" 200 283
INFO 2020-07-10 00:29:23,524 basehttp 124 "GET /home/nav/ HTTP/1.1" 200 361
INFO 2020-07-10 00:29:23,527 basehttp 124 "GET /home/banner/ HTTP/1.1" 200 283
INFO 2020-07-10 00:29:48,671 basehttp 124 "GET /user/captcha/?username=zhaodx HTTP/1.1" 200 142
INFO 2020-07-10 00:29:56,153 basehttp 124 "POST /user/captcha/ HTTP/1.1" 200 17
INFO 2020-07-10 00:30:00,291 basehttp 124 "POST /user/login/ HTTP/1.1" 200 224
INFO 2020-07-10 00:30:04,351 basehttp 124 "GET /home/banner/ HTTP/1.1" 200 283
INFO 2020-07-10 00:30:04,360 basehttp 124 "GET /home/nav/ HTTP/1.1" 200 361
INFO 2020-07-10 00:43:48,140 basehttp 124 "GET /user/captcha/?username=zhaodx HTTP/1.1" 200 142
INFO 2020-07-10 00:43:51,042 basehttp 124 "POST /user/captcha/ HTTP/1.1" 200 17
INFO 2020-07-10 00:43:55,162 basehttp 124 "POST /user/login/ HTTP/1.1" 200 224
INFO 2020-07-10 00:43:59,226 basehttp 124 "GET /home/nav/ HTTP/1.1" 200 361
INFO 2020-07-10 00:43:59,243 basehttp 124 "GET /home/banner/ HTTP/1.1" 200 283
